D:\Angular\AngularDemo\AngularDemo\src\app\app.component.js
D:\Angular\AngularDemo\AngularDemo\src\app\app.component.js.map
D:\Angular\AngularDemo\AngularDemo\src\app\employee\employee.component.js
D:\Angular\AngularDemo\AngularDemo\src\app\employee\employee.component.js.map
D:\Angular\AngularDemo\AngularDemo\src\app\employee\employeeList.component.js
D:\Angular\AngularDemo\AngularDemo\src\app\employee\employeeList.component.js.map
D:\Angular\AngularDemo\AngularDemo\src\app\app.module.js
D:\Angular\AngularDemo\AngularDemo\src\app\app.module.js.map
D:\Angular\AngularDemo\AngularDemo\src\main.js
D:\Angular\AngularDemo\AngularDemo\src\main.js.map
D:\Angular\AngularDemo\AngularDemo\src\app\app.component.spec.js
D:\Angular\AngularDemo\AngularDemo\src\app\app.component.spec.js.map
D:\Angular\AngularDemo\AngularDemo\src\app\app.component.js
D:\Angular\AngularDemo\AngularDemo\src\app\app.component.js.map
D:\Angular\AngularDemo\AngularDemo\src\app\employee\employee.component.js
D:\Angular\AngularDemo\AngularDemo\src\app\employee\employee.component.js.map
D:\Angular\AngularDemo\AngularDemo\src\app\employee\employeeList.component.js
D:\Angular\AngularDemo\AngularDemo\src\app\employee\employeeList.component.js.map
D:\Angular\AngularDemo\AngularDemo\src\app\app.module.js
D:\Angular\AngularDemo\AngularDemo\src\app\app.module.js.map
D:\Angular\AngularDemo\AngularDemo\src\main.js
D:\Angular\AngularDemo\AngularDemo\src\main.js.map
D:\Angular\AngularDemo\AngularDemo\src\app\app.component.spec.js
D:\Angular\AngularDemo\AngularDemo\src\app\app.component.spec.js.map
D:\Angular\AngularDemo\AngularDemo\src\app\app.component.js
D:\Angular\AngularDemo\AngularDemo\src\app\app.component.js.map
D:\Angular\AngularDemo\AngularDemo\src\app\employee\employee.component.js
D:\Angular\AngularDemo\AngularDemo\src\app\employee\employee.component.js.map
D:\Angular\AngularDemo\AngularDemo\src\app\employee\employeeList.component.js
D:\Angular\AngularDemo\AngularDemo\src\app\employee\employeeList.component.js.map
D:\Angular\AngularDemo\AngularDemo\src\app\employee\CustomEmplPipe.pipe.js
D:\Angular\AngularDemo\AngularDemo\src\app\employee\CustomEmplPipe.pipe.js.map
D:\Angular\AngularDemo\AngularDemo\src\app\employee\employeeCount.component.js
D:\Angular\AngularDemo\AngularDemo\src\app\employee\employeeCount.component.js.map
D:\Angular\AngularDemo\AngularDemo\src\app\app.module.js
D:\Angular\AngularDemo\AngularDemo\src\app\app.module.js.map
D:\Angular\AngularDemo\AngularDemo\src\main.js
D:\Angular\AngularDemo\AngularDemo\src\main.js.map
D:\Angular\AngularDemo\AngularDemo\src\app\app.component.spec.js
D:\Angular\AngularDemo\AngularDemo\src\app\app.component.spec.js.map
D:\Angular\AngularDemo\AngularDemo\src\app\app.component.js
D:\Angular\AngularDemo\AngularDemo\src\app\app.component.js.map
D:\Angular\AngularDemo\AngularDemo\src\app\employee\employee.component.js
D:\Angular\AngularDemo\AngularDemo\src\app\employee\employee.component.js.map
D:\Angular\AngularDemo\AngularDemo\src\app\employee\employeeList.component.js
D:\Angular\AngularDemo\AngularDemo\src\app\employee\employeeList.component.js.map
D:\Angular\AngularDemo\AngularDemo\src\app\employee\CustomEmplPipe.pipe.js
D:\Angular\AngularDemo\AngularDemo\src\app\employee\CustomEmplPipe.pipe.js.map
D:\Angular\AngularDemo\AngularDemo\src\app\employee\employeeCount.component.js
D:\Angular\AngularDemo\AngularDemo\src\app\employee\employeeCount.component.js.map
D:\Angular\AngularDemo\AngularDemo\src\app\app.module.js
D:\Angular\AngularDemo\AngularDemo\src\app\app.module.js.map
D:\Angular\AngularDemo\AngularDemo\src\main.js
D:\Angular\AngularDemo\AngularDemo\src\main.js.map
D:\Angular\AngularDemo\AngularDemo\src\app\app.component.spec.js
D:\Angular\AngularDemo\AngularDemo\src\app\app.component.spec.js.map
D:\Angular\AngularDemo\AngularDemo\src\app\app.component.js
D:\Angular\AngularDemo\AngularDemo\src\app\app.component.js.map
D:\Angular\AngularDemo\AngularDemo\src\app\employee\employee.component.js
D:\Angular\AngularDemo\AngularDemo\src\app\employee\employee.component.js.map
D:\Angular\AngularDemo\AngularDemo\src\app\employee\employeeList.component.js
D:\Angular\AngularDemo\AngularDemo\src\app\employee\employeeList.component.js.map
D:\Angular\AngularDemo\AngularDemo\src\app\employee\CustomEmplPipe.pipe.js
D:\Angular\AngularDemo\AngularDemo\src\app\employee\CustomEmplPipe.pipe.js.map
D:\Angular\AngularDemo\AngularDemo\src\app\employee\employeeCount.component.js
D:\Angular\AngularDemo\AngularDemo\src\app\employee\employeeCount.component.js.map
D:\Angular\AngularDemo\AngularDemo\src\app\app.module.js
D:\Angular\AngularDemo\AngularDemo\src\app\app.module.js.map
D:\Angular\AngularDemo\AngularDemo\src\main.js
D:\Angular\AngularDemo\AngularDemo\src\main.js.map
D:\Angular\AngularDemo\AngularDemo\src\app\app.component.spec.js
D:\Angular\AngularDemo\AngularDemo\src\app\app.component.spec.js.map
D:\Angular\AngularDemo\AngularDemo\src\app\app.component.js
D:\Angular\AngularDemo\AngularDemo\src\app\app.component.js.map
D:\Angular\AngularDemo\AngularDemo\src\app\employee\employee.component.js
D:\Angular\AngularDemo\AngularDemo\src\app\employee\employee.component.js.map
D:\Angular\AngularDemo\AngularDemo\src\app\employee\employeeList.component.js
D:\Angular\AngularDemo\AngularDemo\src\app\employee\employeeList.component.js.map
D:\Angular\AngularDemo\AngularDemo\src\app\employee\CustomEmplPipe.pipe.js
D:\Angular\AngularDemo\AngularDemo\src\app\employee\CustomEmplPipe.pipe.js.map
D:\Angular\AngularDemo\AngularDemo\src\app\employee\employeeCount.component.js
D:\Angular\AngularDemo\AngularDemo\src\app\employee\employeeCount.component.js.map
D:\Angular\AngularDemo\AngularDemo\src\app\app.module.js
D:\Angular\AngularDemo\AngularDemo\src\app\app.module.js.map
D:\Angular\AngularDemo\AngularDemo\src\main.js
D:\Angular\AngularDemo\AngularDemo\src\main.js.map
D:\Angular\AngularDemo\AngularDemo\src\app\app.component.spec.js
D:\Angular\AngularDemo\AngularDemo\src\app\app.component.spec.js.map
D:\Angular\AngularDemo\AngularDemo\src\app\app.component.js
D:\Angular\AngularDemo\AngularDemo\src\app\app.component.js.map
D:\Angular\AngularDemo\AngularDemo\src\app\employee\employee.component.js
D:\Angular\AngularDemo\AngularDemo\src\app\employee\employee.component.js.map
D:\Angular\AngularDemo\AngularDemo\src\app\employee\employeeList.component.js
D:\Angular\AngularDemo\AngularDemo\src\app\employee\employeeList.component.js.map
D:\Angular\AngularDemo\AngularDemo\src\app\employee\CustomEmplPipe.pipe.js
D:\Angular\AngularDemo\AngularDemo\src\app\employee\CustomEmplPipe.pipe.js.map
D:\Angular\AngularDemo\AngularDemo\src\app\employee\employeeCount.component.js
D:\Angular\AngularDemo\AngularDemo\src\app\employee\employeeCount.component.js.map
D:\Angular\AngularDemo\AngularDemo\src\app\app.module.js
D:\Angular\AngularDemo\AngularDemo\src\app\app.module.js.map
D:\Angular\AngularDemo\AngularDemo\src\main.js
D:\Angular\AngularDemo\AngularDemo\src\main.js.map
D:\Angular\AngularDemo\AngularDemo\src\app\app.component.spec.js
D:\Angular\AngularDemo\AngularDemo\src\app\app.component.spec.js.map
D:\Angular\AngularDemo\AngularDemo\src\app\app.component.js
D:\Angular\AngularDemo\AngularDemo\src\app\app.component.js.map
D:\Angular\AngularDemo\AngularDemo\src\app\employee\employee.component.js
D:\Angular\AngularDemo\AngularDemo\src\app\employee\employee.component.js.map
D:\Angular\AngularDemo\AngularDemo\src\app\employee\IEmployee.js
D:\Angular\AngularDemo\AngularDemo\src\app\employee\IEmployee.js.map
D:\Angular\AngularDemo\AngularDemo\src\app\employee\employeeList.component.js
D:\Angular\AngularDemo\AngularDemo\src\app\employee\employeeList.component.js.map
D:\Angular\AngularDemo\AngularDemo\src\app\employee\CustomEmplPipe.pipe.js
D:\Angular\AngularDemo\AngularDemo\src\app\employee\CustomEmplPipe.pipe.js.map
D:\Angular\AngularDemo\AngularDemo\src\app\employee\employeeCount.component.js
D:\Angular\AngularDemo\AngularDemo\src\app\employee\employeeCount.component.js.map
D:\Angular\AngularDemo\AngularDemo\src\app\app.module.js
D:\Angular\AngularDemo\AngularDemo\src\app\app.module.js.map
D:\Angular\AngularDemo\AngularDemo\src\main.js
D:\Angular\AngularDemo\AngularDemo\src\main.js.map
D:\Angular\AngularDemo\AngularDemo\src\app\app.component.spec.js
D:\Angular\AngularDemo\AngularDemo\src\app\app.component.spec.js.map
D:\Angular\AngularDemo\AngularDemo\src\app\app.component.js
D:\Angular\AngularDemo\AngularDemo\src\app\app.component.js.map
D:\Angular\AngularDemo\AngularDemo\src\app\employee\employee.component.js
D:\Angular\AngularDemo\AngularDemo\src\app\employee\employee.component.js.map
D:\Angular\AngularDemo\AngularDemo\src\app\employee\IEmployee.js
D:\Angular\AngularDemo\AngularDemo\src\app\employee\IEmployee.js.map
D:\Angular\AngularDemo\AngularDemo\src\app\employee\employeeList.component.js
D:\Angular\AngularDemo\AngularDemo\src\app\employee\employeeList.component.js.map
D:\Angular\AngularDemo\AngularDemo\src\app\employee\CustomEmplPipe.pipe.js
D:\Angular\AngularDemo\AngularDemo\src\app\employee\CustomEmplPipe.pipe.js.map
D:\Angular\AngularDemo\AngularDemo\src\app\employee\employeeCount.component.js
D:\Angular\AngularDemo\AngularDemo\src\app\employee\employeeCount.component.js.map
D:\Angular\AngularDemo\AngularDemo\src\app\app.module.js
D:\Angular\AngularDemo\AngularDemo\src\app\app.module.js.map
D:\Angular\AngularDemo\AngularDemo\src\main.js
D:\Angular\AngularDemo\AngularDemo\src\main.js.map
D:\Angular\AngularDemo\AngularDemo\src\app\app.component.spec.js
D:\Angular\AngularDemo\AngularDemo\src\app\app.component.spec.js.map
